<?xml version="1.0" encoding="UTF-8"?>
<testsuite xmlns:xsi="http://www.w3.org/2001/XMLSchema-instance" xsi:noNamespaceSchemaLocation="https://maven.apache.org/surefire/maven-surefire-plugin/xsd/surefire-test-report.xsd" name="itasserui.common.utils.SafeWaitTest" time="0.282" tests="1" errors="0" skipped="0" failures="0">
  <properties>
    <property name="gopherProxySet" value="false"/>
    <property name="awt.toolkit" value="sun.lwawt.macosx.LWCToolkit"/>
    <property name="file.encoding.pkg" value="sun.io"/>
    <property name="java.specification.version" value="1.8"/>
    <property name="sun.cpu.isalist" value=""/>
    <property name="sun.jnu.encoding" value="UTF-8"/>
    <property name="java.class.path" value="/Users/benaherne/Documents/Development/Personal/Kotlin/itasserui/common/target/test-classes:/Users/benaherne/Documents/Development/Personal/Kotlin/itasserui/common/target/classes:/Users/benaherne/.m2/repository/org/jetbrains/kotlin/kotlin-stdlib/1.3.41/kotlin-stdlib-1.3.41.jar:/Users/benaherne/.m2/repository/org/jetbrains/kotlin/kotlin-stdlib-common/1.3.41/kotlin-stdlib-common-1.3.41.jar:/Users/benaherne/.m2/repository/org/jetbrains/annotations/13.0/annotations-13.0.jar:/Users/benaherne/.m2/repository/org/jetbrains/kotlin/kotlin-stdlib-jdk8/1.3.41/kotlin-stdlib-jdk8-1.3.41.jar:/Users/benaherne/.m2/repository/org/jetbrains/kotlin/kotlin-stdlib-jdk7/1.3.41/kotlin-stdlib-jdk7-1.3.41.jar:/Users/benaherne/.m2/repository/org/jetbrains/kotlin/kotlin-reflect/1.3.41/kotlin-reflect-1.3.41.jar:/Users/benaherne/.m2/repository/org/junit/platform/junit-platform-launcher/1.5.1/junit-platform-launcher-1.5.1.jar:/Users/benaherne/.m2/repository/org/apiguardian/apiguardian-api/1.1.0/apiguardian-api-1.1.0.jar:/Users/benaherne/.m2/repository/org/junit/platform/junit-platform-engine/1.5.1/junit-platform-engine-1.5.1.jar:/Users/benaherne/.m2/repository/org/opentest4j/opentest4j/1.2.0/opentest4j-1.2.0.jar:/Users/benaherne/.m2/repository/org/junit/platform/junit-platform-commons/1.5.1/junit-platform-commons-1.5.1.jar:/Users/benaherne/.m2/repository/org/junit/jupiter/junit-jupiter-engine/5.5.1/junit-jupiter-engine-5.5.1.jar:/Users/benaherne/.m2/repository/org/junit/jupiter/junit-jupiter-api/5.5.1/junit-jupiter-api-5.5.1.jar:/Users/benaherne/.m2/repository/io/kotlintest/kotlintest-runner-junit5/3.3.2/kotlintest-runner-junit5-3.3.2.jar:/Users/benaherne/.m2/repository/io/kotlintest/kotlintest-core/3.3.2/kotlintest-core-3.3.2.jar:/Users/benaherne/.m2/repository/org/jetbrains/kotlinx/kotlinx-coroutines-core/1.1.1/kotlinx-coroutines-core-1.1.1.jar:/Users/benaherne/.m2/repository/org/jetbrains/kotlinx/kotlinx-coroutines-core-common/1.1.1/kotlinx-coroutines-core-common-1.1.1.jar:/Users/benaherne/.m2/repository/io/kotlintest/kotlintest-assertions/3.3.2/kotlintest-assertions-3.3.2.jar:/Users/benaherne/.m2/repository/com/univocity/univocity-parsers/2.8.1/univocity-parsers-2.8.1.jar:/Users/benaherne/.m2/repository/com/github/wumpz/diffutils/2.2/diffutils-2.2.jar:/Users/benaherne/.m2/repository/org/eclipse/jgit/org.eclipse.jgit/4.4.1.201607150455-r/org.eclipse.jgit-4.4.1.201607150455-r.jar:/Users/benaherne/.m2/repository/io/kotlintest/kotlintest-runner-jvm/3.3.2/kotlintest-runner-jvm-3.3.2.jar:/Users/benaherne/.m2/repository/io/kotlintest/kotlintest-extensions/3.3.2/kotlintest-extensions-3.3.2.jar:/Users/benaherne/.m2/repository/commons-io/commons-io/2.6/commons-io-2.6.jar:/Users/benaherne/.m2/repository/io/mockk/mockk/1.9.1/mockk-1.9.1.jar:/Users/benaherne/.m2/repository/io/mockk/mockk-common/1.9.1/mockk-common-1.9.1.jar:/Users/benaherne/.m2/repository/io/mockk/mockk-dsl/1.9.1/mockk-dsl-1.9.1.jar:/Users/benaherne/.m2/repository/io/mockk/mockk-dsl-jvm/1.9.1/mockk-dsl-jvm-1.9.1.jar:/Users/benaherne/.m2/repository/io/mockk/mockk-agent-jvm/1.9.1/mockk-agent-jvm-1.9.1.jar:/Users/benaherne/.m2/repository/io/mockk/mockk-agent-api/1.9.1/mockk-agent-api-1.9.1.jar:/Users/benaherne/.m2/repository/io/mockk/mockk-agent-common/1.9.1/mockk-agent-common-1.9.1.jar:/Users/benaherne/.m2/repository/org/objenesis/objenesis/2.6/objenesis-2.6.jar:/Users/benaherne/.m2/repository/net/bytebuddy/byte-buddy/1.9.3/byte-buddy-1.9.3.jar:/Users/benaherne/.m2/repository/net/bytebuddy/byte-buddy-agent/1.9.3/byte-buddy-agent-1.9.3.jar:/Users/benaherne/.m2/repository/io/github/classgraph/classgraph/4.8.1/classgraph-4.8.1.jar:/Users/benaherne/.m2/repository/org/junit/platform/junit-platform-suite-api/1.4.0/junit-platform-suite-api-1.4.0.jar:/Users/benaherne/.m2/repository/org/skyscreamer/jsonassert/1.5.0/jsonassert-1.5.0.jar:/Users/benaherne/.m2/repository/com/vaadin/external/google/android-json/0.0.20131108.vaadin1/android-json-0.0.20131108.vaadin1.jar:/Users/benaherne/.m2/repository/io/arrow-kt/arrow-core/0.8.1/arrow-core-0.8.1.jar:/Users/benaherne/.m2/repository/io/arrow-kt/arrow-annotations/0.8.1/arrow-annotations-0.8.1.jar:/Users/benaherne/.m2/repository/io/kindedj/kindedj/1.1.0/kindedj-1.1.0.jar:/Users/benaherne/.m2/repository/io/arrow-kt/arrow-data/0.8.1/arrow-data-0.8.1.jar:/Users/benaherne/.m2/repository/io/arrow-kt/arrow-typeclasses/0.8.1/arrow-typeclasses-0.8.1.jar:/Users/benaherne/.m2/repository/com/lightningkite/kotlin/lk-kotlin-observable-property/0.2.2/lk-kotlin-observable-property-0.2.2.jar:/Users/benaherne/.m2/repository/com/lightningkite/kotlin/lk-kotlin-utils/0.2.2/lk-kotlin-utils-0.2.2.jar:/Users/benaherne/.m2/repository/com/lightningkite/kotlin/lk-kotlin-observable-list/0.2.2/lk-kotlin-observable-list-0.2.2.jar:/Users/benaherne/.m2/repository/org/slf4j/slf4j-log4j12/1.7.25/slf4j-log4j12-1.7.25.jar:/Users/benaherne/.m2/repository/org/slf4j/slf4j-api/1.7.25/slf4j-api-1.7.25.jar:/Users/benaherne/.m2/repository/log4j/log4j/1.2.17/log4j-1.2.17.jar:/Users/benaherne/.m2/repository/org/apache/commons/commons-lang3/3.9/commons-lang3-3.9.jar:/Users/benaherne/.m2/repository/commons-validator/commons-validator/1.5.1/commons-validator-1.5.1.jar:/Users/benaherne/.m2/repository/commons-beanutils/commons-beanutils/1.9.2/commons-beanutils-1.9.2.jar:/Users/benaherne/.m2/repository/commons-digester/commons-digester/1.8.1/commons-digester-1.8.1.jar:/Users/benaherne/.m2/repository/commons-logging/commons-logging/1.2/commons-logging-1.2.jar:/Users/benaherne/.m2/repository/commons-collections/commons-collections/3.2.2/commons-collections-3.2.2.jar:/Users/benaherne/.m2/repository/com/fasterxml/jackson/module/jackson-module-kotlin/2.9.9/jackson-module-kotlin-2.9.9.jar:/Users/benaherne/.m2/repository/com/fasterxml/jackson/core/jackson-databind/2.9.9/jackson-databind-2.9.9.jar:/Users/benaherne/.m2/repository/com/fasterxml/jackson/core/jackson-core/2.9.9/jackson-core-2.9.9.jar:/Users/benaherne/.m2/repository/com/fasterxml/jackson/core/jackson-annotations/2.9.9/jackson-annotations-2.9.9.jar:/Users/benaherne/.m2/repository/org/json/json/20180813/json-20180813.jar:/Users/benaherne/.m2/repository/org/mindrot/jbcrypt/0.4/jbcrypt-0.4.jar:/Users/benaherne/.m2/repository/com/github/javafaker/javafaker/0.18/javafaker-0.18.jar:/Users/benaherne/.m2/repository/org/yaml/snakeyaml/1.23/snakeyaml-1.23-android.jar:/Users/benaherne/.m2/repository/com/github/mifmif/generex/1.0.2/generex-1.0.2.jar:/Users/benaherne/.m2/repository/dk/brics/automaton/automaton/1.11-8/automaton-1.11-8.jar:/Users/benaherne/.m2/repository/joda-time/joda-time/2.10.1/joda-time-2.10.1.jar:/Users/benaherne/.m2/repository/io/methvin/directory-watcher/0.9.5/directory-watcher-0.9.5.jar:/Users/benaherne/.m2/repository/net/java/dev/jna/jna/5.3.1/jna-5.3.1.jar:"/>
    <property name="java.vm.vendor" value="Oracle Corporation"/>
    <property name="sun.arch.data.model" value="64"/>
    <property name="java.vendor.url" value="http://java.oracle.com/"/>
    <property name="user.timezone" value=""/>
    <property name="java.vm.specification.version" value="1.8"/>
    <property name="os.name" value="Mac OS X"/>
    <property name="user.country" value="IE"/>
    <property name="sun.java.launcher" value="SUN_STANDARD"/>
    <property name="sun.boot.library.path" value="/Library/Java/JavaVirtualMachines/jdk1.8.0_201.jdk/Contents/Home/jre/lib"/>
    <property name="sun.java.command" value="/Users/benaherne/Documents/Development/Personal/Kotlin/itasserui/common/target/surefire/surefirebooter2398487072467278898.jar /Users/benaherne/Documents/Development/Personal/Kotlin/itasserui/common/target/surefire 2019-07-30T22-50-58_765-jvmRun1 surefire2564140002898791971tmp surefire_09168926493908661186tmp"/>
    <property name="http.nonProxyHosts" value="local|*.local|169.254/16|*.169.254/16"/>
    <property name="surefire.test.class.path" value="/Users/benaherne/Documents/Development/Personal/Kotlin/itasserui/common/target/test-classes:/Users/benaherne/Documents/Development/Personal/Kotlin/itasserui/common/target/classes:/Users/benaherne/.m2/repository/org/jetbrains/kotlin/kotlin-stdlib/1.3.41/kotlin-stdlib-1.3.41.jar:/Users/benaherne/.m2/repository/org/jetbrains/kotlin/kotlin-stdlib-common/1.3.41/kotlin-stdlib-common-1.3.41.jar:/Users/benaherne/.m2/repository/org/jetbrains/annotations/13.0/annotations-13.0.jar:/Users/benaherne/.m2/repository/org/jetbrains/kotlin/kotlin-stdlib-jdk8/1.3.41/kotlin-stdlib-jdk8-1.3.41.jar:/Users/benaherne/.m2/repository/org/jetbrains/kotlin/kotlin-stdlib-jdk7/1.3.41/kotlin-stdlib-jdk7-1.3.41.jar:/Users/benaherne/.m2/repository/org/jetbrains/kotlin/kotlin-reflect/1.3.41/kotlin-reflect-1.3.41.jar:/Users/benaherne/.m2/repository/org/junit/platform/junit-platform-launcher/1.5.1/junit-platform-launcher-1.5.1.jar:/Users/benaherne/.m2/repository/org/apiguardian/apiguardian-api/1.1.0/apiguardian-api-1.1.0.jar:/Users/benaherne/.m2/repository/org/junit/platform/junit-platform-engine/1.5.1/junit-platform-engine-1.5.1.jar:/Users/benaherne/.m2/repository/org/opentest4j/opentest4j/1.2.0/opentest4j-1.2.0.jar:/Users/benaherne/.m2/repository/org/junit/platform/junit-platform-commons/1.5.1/junit-platform-commons-1.5.1.jar:/Users/benaherne/.m2/repository/org/junit/jupiter/junit-jupiter-engine/5.5.1/junit-jupiter-engine-5.5.1.jar:/Users/benaherne/.m2/repository/org/junit/jupiter/junit-jupiter-api/5.5.1/junit-jupiter-api-5.5.1.jar:/Users/benaherne/.m2/repository/io/kotlintest/kotlintest-runner-junit5/3.3.2/kotlintest-runner-junit5-3.3.2.jar:/Users/benaherne/.m2/repository/io/kotlintest/kotlintest-core/3.3.2/kotlintest-core-3.3.2.jar:/Users/benaherne/.m2/repository/org/jetbrains/kotlinx/kotlinx-coroutines-core/1.1.1/kotlinx-coroutines-core-1.1.1.jar:/Users/benaherne/.m2/repository/org/jetbrains/kotlinx/kotlinx-coroutines-core-common/1.1.1/kotlinx-coroutines-core-common-1.1.1.jar:/Users/benaherne/.m2/repository/io/kotlintest/kotlintest-assertions/3.3.2/kotlintest-assertions-3.3.2.jar:/Users/benaherne/.m2/repository/com/univocity/univocity-parsers/2.8.1/univocity-parsers-2.8.1.jar:/Users/benaherne/.m2/repository/com/github/wumpz/diffutils/2.2/diffutils-2.2.jar:/Users/benaherne/.m2/repository/org/eclipse/jgit/org.eclipse.jgit/4.4.1.201607150455-r/org.eclipse.jgit-4.4.1.201607150455-r.jar:/Users/benaherne/.m2/repository/io/kotlintest/kotlintest-runner-jvm/3.3.2/kotlintest-runner-jvm-3.3.2.jar:/Users/benaherne/.m2/repository/io/kotlintest/kotlintest-extensions/3.3.2/kotlintest-extensions-3.3.2.jar:/Users/benaherne/.m2/repository/commons-io/commons-io/2.6/commons-io-2.6.jar:/Users/benaherne/.m2/repository/io/mockk/mockk/1.9.1/mockk-1.9.1.jar:/Users/benaherne/.m2/repository/io/mockk/mockk-common/1.9.1/mockk-common-1.9.1.jar:/Users/benaherne/.m2/repository/io/mockk/mockk-dsl/1.9.1/mockk-dsl-1.9.1.jar:/Users/benaherne/.m2/repository/io/mockk/mockk-dsl-jvm/1.9.1/mockk-dsl-jvm-1.9.1.jar:/Users/benaherne/.m2/repository/io/mockk/mockk-agent-jvm/1.9.1/mockk-agent-jvm-1.9.1.jar:/Users/benaherne/.m2/repository/io/mockk/mockk-agent-api/1.9.1/mockk-agent-api-1.9.1.jar:/Users/benaherne/.m2/repository/io/mockk/mockk-agent-common/1.9.1/mockk-agent-common-1.9.1.jar:/Users/benaherne/.m2/repository/org/objenesis/objenesis/2.6/objenesis-2.6.jar:/Users/benaherne/.m2/repository/net/bytebuddy/byte-buddy/1.9.3/byte-buddy-1.9.3.jar:/Users/benaherne/.m2/repository/net/bytebuddy/byte-buddy-agent/1.9.3/byte-buddy-agent-1.9.3.jar:/Users/benaherne/.m2/repository/io/github/classgraph/classgraph/4.8.1/classgraph-4.8.1.jar:/Users/benaherne/.m2/repository/org/junit/platform/junit-platform-suite-api/1.4.0/junit-platform-suite-api-1.4.0.jar:/Users/benaherne/.m2/repository/org/skyscreamer/jsonassert/1.5.0/jsonassert-1.5.0.jar:/Users/benaherne/.m2/repository/com/vaadin/external/google/android-json/0.0.20131108.vaadin1/android-json-0.0.20131108.vaadin1.jar:/Users/benaherne/.m2/repository/io/arrow-kt/arrow-core/0.8.1/arrow-core-0.8.1.jar:/Users/benaherne/.m2/repository/io/arrow-kt/arrow-annotations/0.8.1/arrow-annotations-0.8.1.jar:/Users/benaherne/.m2/repository/io/kindedj/kindedj/1.1.0/kindedj-1.1.0.jar:/Users/benaherne/.m2/repository/io/arrow-kt/arrow-data/0.8.1/arrow-data-0.8.1.jar:/Users/benaherne/.m2/repository/io/arrow-kt/arrow-typeclasses/0.8.1/arrow-typeclasses-0.8.1.jar:/Users/benaherne/.m2/repository/com/lightningkite/kotlin/lk-kotlin-observable-property/0.2.2/lk-kotlin-observable-property-0.2.2.jar:/Users/benaherne/.m2/repository/com/lightningkite/kotlin/lk-kotlin-utils/0.2.2/lk-kotlin-utils-0.2.2.jar:/Users/benaherne/.m2/repository/com/lightningkite/kotlin/lk-kotlin-observable-list/0.2.2/lk-kotlin-observable-list-0.2.2.jar:/Users/benaherne/.m2/repository/org/slf4j/slf4j-log4j12/1.7.25/slf4j-log4j12-1.7.25.jar:/Users/benaherne/.m2/repository/org/slf4j/slf4j-api/1.7.25/slf4j-api-1.7.25.jar:/Users/benaherne/.m2/repository/log4j/log4j/1.2.17/log4j-1.2.17.jar:/Users/benaherne/.m2/repository/org/apache/commons/commons-lang3/3.9/commons-lang3-3.9.jar:/Users/benaherne/.m2/repository/commons-validator/commons-validator/1.5.1/commons-validator-1.5.1.jar:/Users/benaherne/.m2/repository/commons-beanutils/commons-beanutils/1.9.2/commons-beanutils-1.9.2.jar:/Users/benaherne/.m2/repository/commons-digester/commons-digester/1.8.1/commons-digester-1.8.1.jar:/Users/benaherne/.m2/repository/commons-logging/commons-logging/1.2/commons-logging-1.2.jar:/Users/benaherne/.m2/repository/commons-collections/commons-collections/3.2.2/commons-collections-3.2.2.jar:/Users/benaherne/.m2/repository/com/fasterxml/jackson/module/jackson-module-kotlin/2.9.9/jackson-module-kotlin-2.9.9.jar:/Users/benaherne/.m2/repository/com/fasterxml/jackson/core/jackson-databind/2.9.9/jackson-databind-2.9.9.jar:/Users/benaherne/.m2/repository/com/fasterxml/jackson/core/jackson-core/2.9.9/jackson-core-2.9.9.jar:/Users/benaherne/.m2/repository/com/fasterxml/jackson/core/jackson-annotations/2.9.9/jackson-annotations-2.9.9.jar:/Users/benaherne/.m2/repository/org/json/json/20180813/json-20180813.jar:/Users/benaherne/.m2/repository/org/mindrot/jbcrypt/0.4/jbcrypt-0.4.jar:/Users/benaherne/.m2/repository/com/github/javafaker/javafaker/0.18/javafaker-0.18.jar:/Users/benaherne/.m2/repository/org/yaml/snakeyaml/1.23/snakeyaml-1.23-android.jar:/Users/benaherne/.m2/repository/com/github/mifmif/generex/1.0.2/generex-1.0.2.jar:/Users/benaherne/.m2/repository/dk/brics/automaton/automaton/1.11-8/automaton-1.11-8.jar:/Users/benaherne/.m2/repository/joda-time/joda-time/2.10.1/joda-time-2.10.1.jar:/Users/benaherne/.m2/repository/io/methvin/directory-watcher/0.9.5/directory-watcher-0.9.5.jar:/Users/benaherne/.m2/repository/net/java/dev/jna/jna/5.3.1/jna-5.3.1.jar:"/>
    <property name="sun.cpu.endian" value="little"/>
    <property name="user.home" value="/Users/benaherne"/>
    <property name="user.language" value="en"/>
    <property name="java.specification.vendor" value="Oracle Corporation"/>
    <property name="java.home" value="/Library/Java/JavaVirtualMachines/jdk1.8.0_201.jdk/Contents/Home/jre"/>
    <property name="basedir" value="/Users/benaherne/Documents/Development/Personal/Kotlin/itasserui/common"/>
    <property name="file.separator" value="/"/>
    <property name="line.separator" value="&#10;"/>
    <property name="java.vm.specification.vendor" value="Oracle Corporation"/>
    <property name="java.specification.name" value="Java Platform API Specification"/>
    <property name="java.awt.graphicsenv" value="sun.awt.CGraphicsEnvironment"/>
    <property name="surefire.real.class.path" value="/Users/benaherne/Documents/Development/Personal/Kotlin/itasserui/common/target/surefire/surefirebooter2398487072467278898.jar"/>
    <property name="sun.boot.class.path" value="/Library/Java/JavaVirtualMachines/jdk1.8.0_201.jdk/Contents/Home/jre/lib/resources.jar:/Library/Java/JavaVirtualMachines/jdk1.8.0_201.jdk/Contents/Home/jre/lib/rt.jar:/Library/Java/JavaVirtualMachines/jdk1.8.0_201.jdk/Contents/Home/jre/lib/sunrsasign.jar:/Library/Java/JavaVirtualMachines/jdk1.8.0_201.jdk/Contents/Home/jre/lib/jsse.jar:/Library/Java/JavaVirtualMachines/jdk1.8.0_201.jdk/Contents/Home/jre/lib/jce.jar:/Library/Java/JavaVirtualMachines/jdk1.8.0_201.jdk/Contents/Home/jre/lib/charsets.jar:/Library/Java/JavaVirtualMachines/jdk1.8.0_201.jdk/Contents/Home/jre/lib/jfr.jar:/Library/Java/JavaVirtualMachines/jdk1.8.0_201.jdk/Contents/Home/jre/classes"/>
    <property name="sun.management.compiler" value="HotSpot 64-Bit Tiered Compilers"/>
    <property name="ftp.nonProxyHosts" value="local|*.local|169.254/16|*.169.254/16"/>
    <property name="java.runtime.version" value="1.8.0_201-b09"/>
    <property name="user.name" value="benaherne"/>
    <property name="path.separator" value=":"/>
    <property name="os.version" value="10.14.5"/>
    <property name="java.endorsed.dirs" value="/Library/Java/JavaVirtualMachines/jdk1.8.0_201.jdk/Contents/Home/jre/lib/endorsed"/>
    <property name="java.runtime.name" value="Java(TM) SE Runtime Environment"/>
    <property name="file.encoding" value="UTF-8"/>
    <property name="java.vm.name" value="Java HotSpot(TM) 64-Bit Server VM"/>
    <property name="localRepository" value="/Users/benaherne/.m2/repository"/>
    <property name="java.vendor.url.bug" value="http://bugreport.sun.com/bugreport/"/>
    <property name="java.io.tmpdir" value="/var/folders/c8/5_6qs6r56_zcf48xm80ykmzr0000gn/T/"/>
    <property name="java.version" value="1.8.0_201"/>
    <property name="user.dir" value="/Users/benaherne/Documents/Development/Personal/Kotlin/itasserui/common"/>
    <property name="os.arch" value="x86_64"/>
    <property name="java.vm.specification.name" value="Java Virtual Machine Specification"/>
    <property name="java.awt.printerjob" value="sun.lwawt.macosx.CPrinterJob"/>
    <property name="sun.os.patch.level" value="unknown"/>
    <property name="java.library.path" value="/Users/benaherne/Library/Java/Extensions:/Library/Java/Extensions:/Network/Library/Java/Extensions:/System/Library/Java/Extensions:/usr/lib/java:."/>
    <property name="java.vm.info" value="mixed mode"/>
    <property name="java.vendor" value="Oracle Corporation"/>
    <property name="java.vm.version" value="25.201-b09"/>
    <property name="java.ext.dirs" value="/Users/benaherne/Library/Java/Extensions:/Library/Java/JavaVirtualMachines/jdk1.8.0_201.jdk/Contents/Home/jre/lib/ext:/Library/Java/Extensions:/Network/Library/Java/Extensions:/System/Library/Java/Extensions:/usr/lib/java"/>
    <property name="sun.io.unicode.encoding" value="UnicodeBig"/>
    <property name="java.class.version" value="52.0"/>
    <property name="socksNonProxyHosts" value="local|*.local|169.254/16|*.169.254/16"/>
  </properties>
  <testcase name="Verify safeWait blocks for 300 milliseconds" classname="itasserui.common.utils.SafeWaitTest" time="0.282"/>
</testsuite>